  Source.cpp
e:\coding\school\cse-512-ai\lab 1\project1\project1\source.cpp(135): warning C4018: '<': signed/unsigned mismatch
e:\coding\school\cse-512-ai\lab 1\project1\project1\source.cpp(154): warning C4018: '>=': signed/unsigned mismatch
e:\coding\school\cse-512-ai\lab 1\project1\project1\source.cpp(159): warning C4018: '<': signed/unsigned mismatch
e:\coding\school\cse-512-ai\lab 1\project1\project1\source.cpp(187): warning C4018: '<': signed/unsigned mismatch
e:\coding\school\cse-512-ai\lab 1\project1\project1\source.cpp(132): warning C4101: 'p': unreferenced local variable
e:\coding\school\cse-512-ai\lab 1\project1\project1\source.cpp(330): warning C4018: '<': signed/unsigned mismatch
e:\coding\school\cse-512-ai\lab 1\project1\project1\source.cpp(343): warning C4018: '<': signed/unsigned mismatch
e:\coding\school\cse-512-ai\lab 1\project1\project1\source.cpp(356): warning C4018: '<': signed/unsigned mismatch
e:\coding\school\cse-512-ai\lab 1\project1\project1\source.cpp(369): warning C4018: '<': signed/unsigned mismatch
e:\coding\school\cse-512-ai\lab 1\project1\project1\source.cpp(381): warning C4018: '<': signed/unsigned mismatch
e:\coding\school\cse-512-ai\lab 1\project1\project1\source.cpp(414): warning C4018: '<': signed/unsigned mismatch
e:\coding\school\cse-512-ai\lab 1\project1\project1\source.cpp(445): warning C4018: '<': signed/unsigned mismatch
e:\coding\school\cse-512-ai\lab 1\project1\project1\source.cpp(449): warning C4018: '<': signed/unsigned mismatch
e:\coding\school\cse-512-ai\lab 1\project1\project1\source.cpp(461): warning C4018: '<': signed/unsigned mismatch
e:\coding\school\cse-512-ai\lab 1\project1\project1\source.cpp(465): warning C4018: '<': signed/unsigned mismatch
e:\coding\school\cse-512-ai\lab 1\project1\project1\source.cpp(512): warning C4018: '<': signed/unsigned mismatch
e:\coding\school\cse-512-ai\lab 1\project1\project1\source.cpp(543): warning C4018: '<': signed/unsigned mismatch
e:\coding\school\cse-512-ai\lab 1\project1\project1\source.cpp(547): warning C4018: '<': signed/unsigned mismatch
e:\coding\school\cse-512-ai\lab 1\project1\project1\source.cpp(559): warning C4018: '<': signed/unsigned mismatch
e:\coding\school\cse-512-ai\lab 1\project1\project1\source.cpp(563): warning C4018: '<': signed/unsigned mismatch
e:\coding\school\cse-512-ai\lab 1\project1\project1\source.cpp(597): warning C4018: '<': signed/unsigned mismatch
e:\coding\school\cse-512-ai\lab 1\project1\project1\source.cpp(617): warning C4018: '<': signed/unsigned mismatch
e:\coding\school\cse-512-ai\lab 1\project1\project1\source.cpp(648): warning C4018: '<': signed/unsigned mismatch
e:\coding\school\cse-512-ai\lab 1\project1\project1\source.cpp(652): warning C4018: '<': signed/unsigned mismatch
e:\coding\school\cse-512-ai\lab 1\project1\project1\source.cpp(664): warning C4018: '<': signed/unsigned mismatch
e:\coding\school\cse-512-ai\lab 1\project1\project1\source.cpp(677): warning C4018: '<': signed/unsigned mismatch
e:\coding\school\cse-512-ai\lab 1\project1\project1\source.cpp(681): warning C4018: '<': signed/unsigned mismatch
e:\coding\school\cse-512-ai\lab 1\project1\project1\source.cpp(706): warning C4018: '<': signed/unsigned mismatch
e:\coding\school\cse-512-ai\lab 1\project1\project1\source.cpp(727): warning C4018: '<': signed/unsigned mismatch
e:\coding\school\cse-512-ai\lab 1\project1\project1\source.cpp(749): warning C4018: '<': signed/unsigned mismatch
e:\coding\school\cse-512-ai\lab 1\project1\project1\source.cpp(780): warning C4018: '<': signed/unsigned mismatch
e:\coding\school\cse-512-ai\lab 1\project1\project1\source.cpp(784): warning C4018: '<': signed/unsigned mismatch
e:\coding\school\cse-512-ai\lab 1\project1\project1\source.cpp(796): warning C4018: '<': signed/unsigned mismatch
e:\coding\school\cse-512-ai\lab 1\project1\project1\source.cpp(809): warning C4018: '<': signed/unsigned mismatch
e:\coding\school\cse-512-ai\lab 1\project1\project1\source.cpp(813): warning C4018: '<': signed/unsigned mismatch
e:\coding\school\cse-512-ai\lab 1\project1\project1\source.cpp(843): warning C4018: '<': signed/unsigned mismatch
e:\coding\school\cse-512-ai\lab 1\project1\project1\source.cpp(846): warning C4018: '<': signed/unsigned mismatch
e:\coding\school\cse-512-ai\lab 1\project1\project1\source.cpp(858): warning C4018: '<': signed/unsigned mismatch
e:\coding\school\cse-512-ai\lab 1\project1\project1\source.cpp(867): warning C4018: '<': signed/unsigned mismatch
e:\coding\school\cse-512-ai\lab 1\project1\project1\source.cpp(713): warning C4715: 'get_sun_time': not all control paths return a value
  Project1.vcxproj -> E:\Coding\School\CSE-512-AI\Lab 1\Project1\Debug\Project1.exe
